# Nmap 7.91 scan initiated Wed Sep  8 07:57:45 2021 as: nmap -sV -sC -p 135,139,445,1433,1434 -oN portscan_nmap.log 10.10.10.27
Nmap scan report for 10.10.10.27
Host is up (0.026s latency).

PORT     STATE  SERVICE      VERSION
135/tcp  open   msrpc        Microsoft Windows RPC
139/tcp  open   netbios-ssn  Microsoft Windows netbios-ssn
445/tcp  open   microsoft-ds Windows Server 2019 Standard 17763 microsoft-ds
1433/tcp open   ms-sql-s     Microsoft SQL Server 2017 14.00.1000.00; RTM
| ms-sql-ntlm-info: 
|   Target_Name: ARCHETYPE
|   NetBIOS_Domain_Name: ARCHETYPE
|   NetBIOS_Computer_Name: ARCHETYPE
|   DNS_Domain_Name: Archetype
|   DNS_Computer_Name: Archetype
|_  Product_Version: 10.0.17763
| ssl-cert: Subject: commonName=SSL_Self_Signed_Fallback
| Not valid before: 2021-09-08T12:15:24
|_Not valid after:  2051-09-08T12:15:24
|_ssl-date: 2021-09-08T12:17:21+00:00; +19m19s from scanner time.
1434/tcp closed ms-sql-m
Service Info: OSs: Windows, Windows Server 2008 R2 - 2012; CPE: cpe:/o:microsoft:windows

Host script results:
|_clock-skew: mean: 1h43m19s, deviation: 3h07m52s, median: 19m18s
| ms-sql-info: 
|   10.10.10.27:1433: 
|     Version: 
|       name: Microsoft SQL Server 2017 RTM
|       number: 14.00.1000.00
|       Product: Microsoft SQL Server 2017
|       Service pack level: RTM
|       Post-SP patches applied: false
|_    TCP port: 1433
| smb-os-discovery: 
|   OS: Windows Server 2019 Standard 17763 (Windows Server 2019 Standard 6.3)
|   Computer name: Archetype
|   NetBIOS computer name: ARCHETYPE\x00
|   Workgroup: WORKGROUP\x00
|_  System time: 2021-09-08T05:17:16-07:00
| smb-security-mode: 
|   account_used: guest
|   authentication_level: user
|   challenge_response: supported
|_  message_signing: disabled (dangerous, but default)
| smb2-security-mode: 
|   2.02: 
|_    Message signing enabled but not required
| smb2-time: 
|   date: 2021-09-08T12:17:12
|_  start_date: N/A

Service detection performed. Please report any incorrect results at https://nmap.org/submit/ .
# Nmap done at Wed Sep  8 07:58:02 2021 -- 1 IP address (1 host up) scanned in 16.15 seconds
